<?xml version="1.0" encoding="UTF-8"?>
<!-- Generated by org.testng.reporters.JUnitReportReporter -->
<testsuite hostname="DESKTOP-C47SQLS" failures="0" tests="1" name="testRunner.TestRunner" time="0.181" errors="0" timestamp="20 Mar 2023 10:48:25 GMT" skipped="0">
  <testcase classname="testRunner.TestRunner" name="runScenario" time="0.181"/>
</testsuite> <!-- testRunner.TestRunner -->
