<?xml version="1.0" encoding="UTF-8"?>
<!-- Generated by org.testng.reporters.JUnitReportReporter -->
<testsuite hostname="DESKTOP-C47SQLS" failures="0" tests="3" name="CommunitCloud.Biogen.HDFCZ" time="0.029" errors="0" timestamp="2023-02-16T18:49:18 IST" skipped="0">
  <testcase classname="CommunitCloud.Biogen.HDFCZ" name="carLoanRateOfInterest" time="0.004"/>
  <system-out/>
  <testcase classname="CommunitCloud.Biogen.HDFCZ" name="PersonalLoanRateOfInterest" time="0.020"/>
  <system-out/>
  <testcase classname="CommunitCloud.Biogen.HDFCZ" name="goldLoanReateOfInterest" time="0.005"/>
  <system-out/>
</testsuite> <!-- CommunitCloud.Biogen.HDFCZ -->
